<?xml version="1.0" encoding="UTF-8"?>

<mule xmlns:xsi="http://www.w3.org/2001/XMLSchema-instance"
	xmlns:munit="http://www.mulesoft.org/schema/mule/munit" xmlns:munit-tools="http://www.mulesoft.org/schema/mule/munit-tools"
	xmlns="http://www.mulesoft.org/schema/mule/core" xmlns:doc="http://www.mulesoft.org/schema/mule/documentation"
	xsi:schemaLocation="
		http://www.mulesoft.org/schema/mule/core http://www.mulesoft.org/schema/mule/core/current/mule.xsd
		http://www.mulesoft.org/schema/mule/munit http://www.mulesoft.org/schema/mule/munit/current/mule-munit.xsd
		http://www.mulesoft.org/schema/mule/munit-tools  http://www.mulesoft.org/schema/mule/munit-tools/current/mule-munit-tools.xsd">
	<munit:config name="test-app-test-suite.xml" />
	<munit:test name="test-app-test-suite-test-appFlowTest" doc:id="e3e5a746-ef6f-438a-a452-7eaf090131a4" description="Test">
		<munit:execution >
			<flow-ref doc:name="Flow-ref to test-appFlow" doc:id="26625b27-658f-4b61-9251-825c5b19e389" name="test-appFlow"/>
		</munit:execution>
		<munit:validation >
			<munit-tools:verify-call doc:name="Verify call" doc:id="3db7d224-716e-4c70-a4a2-0426be62c65c" processor="set-payload">
				<munit-tools:with-attributes >
					<munit-tools:with-attribute whereValue="Set Payload" attributeName="doc:name" />
				</munit-tools:with-attributes>
			</munit-tools:verify-call>
		</munit:validation>
	</munit:test>


</mule>
